14:40:28 | bvii@Bes7weB | ~/repos/Compartarenta | (main):COMPARTARENTA_RUN_RAW_LOGS=1 ./tool/melosw run run:dev
Workspace dependencies up to date; skipping pub get.
melos run run:dev
  â””> cd mobile && ./tool/run_dev.sh
     â””> RUNNING

Workspace dependencies up to date; skipping pub get.
Launching lib/main.dart on SM S931W in debug mode...
Running Gradle task 'assembleDevDebug'...                       
ERROR: Invalid depfile: /home/bvii/repos/Compartarenta/mobile/.dart_tool/flutter_build/916b0760ee33accbc87045f80a733171/kernel_snapshot_program.d

ERROR: Invalid depfile: /home/bvii/repos/Compartarenta/mobile/.dart_tool/flutter_build/916b0760ee33accbc87045f80a733171/kernel_snapshot_program.d

Running Gradle task 'assembleDevDebug'...                          36.0s
âś“ Built build/app/outputs/flutter-apk/app-dev-debug.apk
Installing build/app/outputs/flutter-apk/app-dev-debug.apk...         5.5s
D/FlutterJNI(25997): Beginning load of flutter...
D/FlutterJNI(25997): flutter (null) was loaded normally!
I/flutter (25997): [IMPORTANT:flutter/shell/platform/android/android_context_vk_impeller.cc(62)] Using the Impeller rendering backend (Vulkan).
D/FlutterRenderer(25997): Width is zero. 0,0
D/FlutterRenderer(25997): Width is zero. 0,0
D/FlutterJNI(25997): Sending viewport metrics to the engine.
I/flutter (25997): [IMPORTANT:flutter/shell/platform/android/android_context_vk_impeller.cc(62)] Using the Impeller rendering backend (Vulkan).
D/FlutterJNI(25997): Sending viewport metrics to the engine.
I/Choreographer(25997): Skipped 35 frames!  The application may be doing too much work on its main thread.
I/FLTFireMsgService(25997): FlutterFirebaseMessagingBackgroundService started!
Syncing files to device SM S931W...                             
I/flutter (25997): local_storage_checkpoint: reason=startup platform=native onboardingComplete=true onboardingStep=- contacts=0 connected=0 plans=0 housingWithSelf=0 proposalPackages=0 activePackages=0 pendingPackages=0 pendingHandshakes=0 tables={plans: 0, participants: 0, planLines: 0, planGroups: 0, planRatios: 0, planRatioTemplates: 0, agreements: 0, proposalPackages: 0, proposalRevisions: 0, proposalResponses: 0, contacts: 0, contactInvitations: 0, pendingHandshakes: 0, relayActivityLogEntries: 0, realizedExpenses: 0, realizedExpenseAttachments: 0, realizedExpenseAcceptances: 0, archivedPlanLineSnapshots: 0}
I/flutter (25997): ClosedAppPushRegistrationService: getToken failed: [core/no-app] No Firebase App '[DEFAULT]' has been created - call Firebase.initializeApp()
I/flutter (25997): #0      MethodChannelFirebase.app (package:firebase_core_platform_interface/src/method_channel/method_channel_firebase.dart:190:5)
I/flutter (25997): #1      Firebase.app (package:firebase_core/src/firebase.dart:92:41)
I/flutter (25997): #2      FirebaseMessaging.instance (package:firebase_messaging/src/messaging.dart:32:47)
I/flutter (25997): #3      new ClosedAppPushRegistrationService._.<anonymous closure> (package:compartarenta/notifications/closed_app_push_registration_service.dart:23:55)
I/flutter (25997): #4      ClosedAppPushRegistrationService.sync (package:compartarenta/notifications/closed_app_push_registration_service.dart:75:35)
I/flutter (25997): <asynchronous suspension>
I/flutter (25997): 
Syncing files to device SM S931W...                                122ms

Flutter run key commands.
r Hot reload. đź”Ąđź”Ąđź”Ą
R Hot restart.
h List all available interactive commands.
d Detach (terminate "flutter run" but leave application running).
c Clear the screen
q Quit (terminate the application on the device).

A Dart VM Service on SM S931W is available at: http://127.0.0.1:43401/1LF9wLabu6s=/
The Flutter DevTools debugger and profiler on SM S931W is available at: http://127.0.0.1:43401/1LF9wLabu6s=/devtools/?uri=ws://127.0.0.1:43401/1LF9wLabu6s=/ws
I/BLASTBufferQueue(25997): [2fd3bc2 SurfaceView[com.compartarenta.compartarenta.dev/com.compartarenta.compartarenta.MainActivity]@0#1](f:0,a:0,s:0) onFrameAvailable the first frame is available
I/SurfaceComposerClient(25997): apply transaction with the first frame. layerId: 3286, bufferData(ID: 111656264794122, frameNumber: 1)
I/Choreographer(25997): Skipped 48 frames!  The application may be doing too much work on its main thread.
I/flutter (25997): steady inbox poll skipped: no peer keys (0 contact row(s))
I/SurfaceView(25997): 50150338 finishedDrawing
D/ConnectivityManager(25997): StackLog: [android.net.ConnectivityManager.sendRequestForNetwork(ConnectivityManager.java:4744)] [android.net.ConnectivityManager.registerDefaultNetworkCallbackForUid(ConnectivityManager.java:5469)] [android.net.ConnectivityManager.registerDefaultNetworkCallback(ConnectivityManager.java:5436)] [android.net.ConnectivityManager.registerDefaultNetworkCallback(ConnectivityManager.java:5410)] [dev.fluttercommunity.plus.connectivity.ConnectivityBroadcastReceiver.onListen(ConnectivityBroadcastReceiver.java:78)] [io.flutter.plugin.common.EventChannel$IncomingStreamRequestHandler.onListen(EventChannel.java:218)] [io.flutter.plugin.common.EventChannel$IncomingStreamRequestHandler.onMessage(EventChannel.java:197)] [io.flutter.embedding.engine.dart.DartMessenger.invokeHandler(DartMessenger.java:286)] [io.flutter.embedding.engine.dart.DartMessenger.lambda$dispatchMessageToQueue$0$io-flutter-embedding-engine-dart-DartMessenger(DartMessenger.java:313)] [io.flutter.embedding.engine.dart.DartMessenger$$ExternalSyntheticLambda0.run(D8$$SyntheticClass:0)]
I/BLASTBufferQueue_Java(25997): update, w= 1080 h= 2340 mName = VRI[MainActivity]@fcd0396 mNativeObject= 0xb4000079ac27b510 sc.mNativeObject= 0xb400007a3c270350 format= -3 caller= android.view.ViewRootImpl.updateBlastSurfaceIfNeeded:3574 android.view.ViewRootImpl.relayoutWindow:11685 android.view.ViewRootImpl.performTraversals:4804 android.view.ViewRootImpl.doTraversal:3924 android.view.ViewRootImpl$TraversalRunnable.run:12903 android.view.Choreographer$CallbackRecord.run:1901 
I/VRI[MainActivity]@fcd0396(25997): Relayout returned: old=(0,0,1080,2340) new=(0,0,1080,2340) relayoutAsync=false req=(1080,2340)0 dur=2 res=0x1 s={true 0xb400007a6c2546f0} ch=false seqId=0
I/VRI[MainActivity]@fcd0396(25997): updateBoundsLayer: t=android.view.SurfaceControl$Transaction@8bab255 sc=Surface(name=Bounds for - com.compartarenta.compartarenta.dev/com.compartarenta.compartarenta.MainActivity@0)/@0xc92046a frame=1
D/VRI[MainActivity]@fcd0396(25997): reportNextDraw android.view.ViewRootImpl.performTraversals:5443 android.view.ViewRootImpl.doTraversal:3924 android.view.ViewRootImpl$TraversalRunnable.run:12903 android.view.Choreographer$CallbackRecord.run:1901 android.view.Choreographer$CallbackRecord.run:1910 
D/VRI[MainActivity]@fcd0396(25997): Setup new sync=wmsSync-VRI[MainActivity]@fcd0396#1
I/VRI[MainActivity]@fcd0396(25997): Creating new active sync group VRI[MainActivity]@fcd0396#2
D/VRI[MainActivity]@fcd0396(25997): Draw frame after cancel
D/VRI[MainActivity]@fcd0396(25997): registerCallbacksForSync syncBuffer=false
D/SurfaceView(25997): 50150338 updateSurfacePosition RenderWorker, frameNr = 1, position = [0, 0, 1080, 2340] surfaceSize = 1080x2340
I/SV[50150338 MainActivity](25997): uSP: rtp = Rect(0, 0 - 1080, 2340) rtsw = 1080 rtsh = 2340
I/SV[50150338 MainActivity](25997): onSSPAndSRT: pl = 0 pt = 0 sx = 1.0 sy = 1.0
I/SV[50150338 MainActivity](25997): aOrMT: VRI[MainActivity]@fcd0396 t = android.view.SurfaceControl$Transaction@4bd6da4 fN = 1 android.view.SurfaceView.-$$Nest$mapplyOrMergeTransaction:0 android.view.SurfaceView$SurfaceViewPositionUpdateListener.positionChanged:1932 android.graphics.RenderNode$CompositePositionUpdateListener.positionChanged:401 
I/VRI[MainActivity]@fcd0396(25997): mWNT: t=0xb400007a9c25da90 mBlastBufferQueue=0xb4000079ac27b510 fn= 1 HdrRenderState mRenderHdrSdrRatio=1.0 caller= android.view.SurfaceView.applyOrMergeTransaction:1863 android.view.SurfaceView.-$$Nest$mapplyOrMergeTransaction:0 android.view.SurfaceView$SurfaceViewPositionUpdateListener.positionChanged:1932 
D/VRI[MainActivity]@fcd0396(25997): Received frameDrawingCallback syncResult=0 frameNum=1.
I/VRI[MainActivity]@fcd0396(25997): mWNT: t=0xb400007a9c26f7d0 mBlastBufferQueue=0xb4000079ac27b510 fn= 1 HdrRenderState mRenderHdrSdrRatio=1.0 caller= android.view.ViewRootImpl$12.onFrameDraw:15441 android.view.ThreadedRenderer$1.onFrameDraw:718 <bottom of call stack> 
I/VRI[MainActivity]@fcd0396(25997): Setting up sync and frameCommitCallback
I/BLASTBufferQueue(25997): [VRI[MainActivity]@fcd0396#0](f:0,a:0,s:0) onFrameAvailable the first frame is available
I/SurfaceComposerClient(25997): apply transaction with the first frame. layerId: 3281, bufferData(ID: 111656264794127, frameNumber: 1)
I/VRI[MainActivity]@fcd0396(25997): Received frameCommittedCallback lastAttemptedDrawFrameNum=1 didProduceBuffer=true
D/HWUI    (25997): CFMS:: SetUp Pid : 25997    Tid : 26028
D/VRI[MainActivity]@fcd0396(25997): reportDrawFinished seqId=0
D/VRI[MainActivity]@fcd0396(25997): mThreadedRenderer.initializeIfNeeded()#2 mSurface={isValid=true 0xb400007a6c2546f0}
D/InputMethodManagerUtils(25997): startInputInner - Id : 0
I/InputMethodManager(25997): startInputInner - IInputMethodManagerGlobalInvoker.startInputOrWindowGainedFocus
I/flutter (25997): ClosedAppPushRegistrationService: getToken failed: [firebase_messaging/unknown] java.lang.IllegalArgumentException: Please set a valid API key. A Firebase API key is required to communicate with Firebase server APIs: It authenticates your project with Google.Please refer to https://firebase.google.com/support/privacy/init-options.
I/flutter (25997): #0      StandardMethodCodec.decodeEnvelope (package:flutter/src/services/message_codecs.dart:653:7)
I/flutter (25997): #1      MethodChannel._invokeMethod (package:flutter/src/services/platform_channel.dart:366:18)
I/flutter (25997): <asynchronous suspension>
I/flutter (25997): #2      MethodChannel.invokeMapMethod (package:flutter/src/services/platform_channel.dart:566:43)
I/flutter (25997): <asynchronous suspension>
I/flutter (25997): #3      MethodChannelFirebaseMessaging.getToken (package:firebase_messaging_platform_interface/src/method_channel/method_channel_messaging.dart:248:11)
I/flutter (25997): <asynchronous suspension>
I/flutter (25997): #4      ClosedAppPushRegistrationService.sync (package:compartarenta/notifications/closed_app_push_registration_service.dart:75:15)
I/flutter (25997): <asynchronous suspension>
I/flutter (25997): 
I/InputMethodManager(25997): handleMessage: setImeVisibility visible=false
D/InsetsController(25997): hide(ime(), fromIme=false)
I/ImeTracker(25997): com.compartarenta.compartarenta.dev:c6f45c89: onCancelled at PHASE_CLIENT_ALREADY_HIDDEN
D/InputTransport(25997): Input channel constructed: 'ClientS', fd=195
D/ProfileInstaller(25997): Installing profile for com.compartarenta.compartarenta.dev
